### ISSUE TITLE
Windows build with MINGW crashes in LowLevelInterpreter.asm (from movableink qt6 repo)

### ISSUE THREAD

**Issue by quarcko** [qtwebkit/qtwebkit#1102]
Hi,

Are here anyone with asm knowledge?
Here is my original bug report filled in movableink repo:

https://github.com/movableink/webkit/issues/31

Any ideas?

**Comment by fujii** [comment]
I don't know the answer, but I'm just wondering how do you compile WebKit with MinGW.
Do you have MASM? Do you use `--assembler=MASM` switch?
https://github.com/qtwebkit/qtwebkit/blob/a60f9b3b9fc5236496f278fdf9df4855f41aab0f/Source/JavaScriptCore/CMakeLists.txt#L305

**Comment by quarcko** [comment]
I believe this switch is used on MSVC-only? 
MinGW is not able to compile MASM syntax?

Anyway, by looking at older branch "qtwebkit-5.212" which i know that compiled with MINGW ok 
back in the days, these CMakeLists.txt switches are same, so MASM was not used back then..

**Comment by annulen** [comment]
If incompatible assembler flavor was actually in use it would result in compilation or assembly error which would be hard to mistake for anything else.

**Comment by quarcko** [comment]
@annulen Do you know which "flavor" MINGW compilation should use?

How important is to enable JIT or C_LOOP or nothing at all?

**Comment by annulen** [comment]
>Do you know which "flavor" MINGW compilation should use?

AFAIK it was using AT&T syntax, just like GCC on Linux/x86.

>How important is to enable JIT or C_LOOP or nothing at all?

If you are building for 32-bit target, your only option is C_LOOP, as JIT support for 32-bit x86 was removed from WebKit long ago.

If you are building for 64-bit target you should probably use JIT, both for performance reasons and because user base of CLoop is extremely small (and unlikely to include anyone on Windows)

**Comment by quarcko** [comment]
Ok, clear. So as for now it is using AT&T syntax - all good.

My build is 64bit. but i have both JIT and C_LOOP disabled. I can try enabling then JIT, but - 
I've tried compiling on Ubuntu GCC as an experiment with both C_LOOP and JIT disabled as well - and it does not produce the crash there..

The crash itself (if you haven't followed my link to movableink repo) is happening in LowLevelInterpreter.asm:
```
        if X86_64_WIN or C_LOOP_WIN 
            leap JSCConfig + constexpr JSC::offsetOfJSCConfigInitializeHasBeenCalled, t3
            bbeq [t3], 0, .notFrozen
        else
            leap _g_config, t3
            bbeq JSCConfigOffset + constexpr JSC::offsetOfJSCConfigInitializeHasBeenCalled[t3], 0, .notFrozen
        end
```

it follows 'true' branch on windows 64bit mingw, and it looks like it cannot access JSCConfig global variable.
which is declared as 

`const JSCConfig = _g_jscConfig`

this is where it crashes:

```
leap JSCConfig + constexpr JSC::offsetOfJSCConfigInitializeHasBeenCalled, t3
   0x140574714 <llint_entry+14525>:     mov    0x6e5105(%rip),%r9        # 0x140c59820 <g_jscConfig@GOTPCREL>
   0x14057471b <llint_entry+14532>:     add    $0x6,%r9
```

```
bbeq [t3], 0, .notFrozen
   0x14057471f <llint_entry+14536>:     cmpb   $0x0,(%r9)         **_(HERE IS CRASH)_**
```

value of register r9 at the moment of crash is 262, so when it tries 
to access that memory adress obviously it does not contain 'g_jscConfig'

**Comment by annulen** [comment]
You cannot disable both CLoop and JIT at the same time, either one of them will be active anyway.

**Comment by annulen** [comment]
BTW, this might be helpful for you: https://github.com/qtwebkit/qtwebkit/wiki/Debugging-issues-with-JavaScript-execution

**Comment by annulen** [comment]
I think I've figured out what happens here.

`g_jscConfig` is a variable which is declared in `Source/JavaScriptCore/runtime/JSCConfig.h` as `extern "C" JS_EXPORT_PRIVATE`. It's very likely that `JS_EXPORT_PRIVATE` (as well as other JSC and WebCore exports) are not doing actual exports in Qt build, as they are not built as separate DLLs. However, `g_jscConfig` is here used in a way that requires it to be exported (with `__declspec(dllexport)` in case of Windows)

**Comment by annulen** [comment]
Or it can go in a reverse way — it's actually `dllexport`'ed when it shouldn't be. Check preprocessor output from `JSCConfig.cpp` to see what it turns to, and try the opposite.

**Comment by quarcko** [comment]
Lets get back a bit: Compiliation was failing when mingw followed declspec (dllimport / dllexport) preprocessor paths in WTF library.
So it was decided to modify WTF/wtf/PlatformUse.h line 47 so mingw follows this define:
`#define USE_VISIBILITY_ATTRIBUTE 1`

and thus it is `JS_EXPORT_PRIVATE` is translated into GCC `visibility('default')` (same as on linux)

could it be the issue? but if i go back to dllimport / dllexport compilation fails in WTF.
`definition is marked dllimport` errors everywhere.

**Comment by quarcko** [comment]
So i've tried compiling again with these 2 variants:
`extern "C" __declspec(dllexport) Config g_jscConfig;`
and 
`extern "C" __declspec(dllimport) Config g_jscConfig;`

in case of "export" : it crashes same way as before
in case of "import" it does not link, i get linker errors `undefined reference to `__imp_g_jscConfig'`

**Comment by quarcko** [comment]
So, problematic part on Linux is being run like this (and it works):
```
Thread 1 "jsc" hit Breakpoint 2, llint_relativePCBase () at /opt/webkit/Source/JavaScriptCore/llint/LowLevelInterpreter.asm:2024
2024	            leap _g_config, t3
=> 0x00005555569be1cc <llint_relativePCBase+14515>:	48 8d 0d 2d ae 99 00	**lea**    0x99ae2d(%rip),%rcx        # 0x555557359000 <g_config>
(gdb) print $rcx
$3 = 93825013623065
```

while on Windows MINGW:
```
Breakpoint 1, llint_entry () at C:/Qt/webkit/Source/JavaScriptCore/llint\LowLevelInterpreter.asm:2021
2021                leap JSCConfig + constexpr JSC::offsetOfJSCConfigInitializeHasBeenCalled, t3
=> 0x0000000140574714 <llint_entry+14525>:      4c 8b 0d 05 51 6e 00    mov    0x6e5105(%rip),%r9        # 0x140c59820 <g_jscConfig@GOTPCREL>
   0x000000014057471b <llint_entry+14532>:      49 83 c1 06     add    $0x6,%r9
(gdb) stepi
0x000000014057471b      2021                leap JSCConfig + constexpr JSC::offsetOfJSCConfigInitializeHasBeenCalled, t3
   0x0000000140574714 <llint_entry+14525>:      4c 8b 0d 05 51 6e 00    **mov**    0x6e5105(%rip),%r9        # 0x140c59820 <g_jscConfig@GOTPCREL>
=> 0x000000014057471b <llint_entry+14532>:      49 83 c1 06     add    $0x6,%r9
(gdb) print $r9
$1 = 256
```

so strange thing is that Linux version is doing "lea" instruction here while windows part is doing "mov".

So i tried to manually change instruction type to "lea" on windows - and this part passes OK then,
but later it crashes again with:

```
abnormal program termination
[Inferior 1 (process 192) exited with code 03]
(gdb) quit
```
and GDB is unable to catch the error...

**Comment by annulen** [comment]
AFAIU these `lea`/`mov` are emitted by `emitX86Lea()` in `Source/JavaScriptCore/offlineasm/x86.rb`. If you want to change what op is used it should probably done there to ensure that it's replaced everywhere else too.

It seems to me that key change that happened after 5.212 is https://bugs.webkit.org/show_bug.cgi?id=216685 (6bdbfe91c5221). It could be that there are wrong assumptions about what is GCC-specific and what is Windows-specific. But you may also want to check other changes in relevant llint/offlineasm code with `git blame`/`git log -S`. It may also be a good idea to consult with JSC folks in Slack (https://webkit.org/getting-started/#staying-in-touch)

**Comment by quarcko** [comment]
Yes, i found it already there, and i changed (temporarily) `emitX86Lea()` to actually emit lea. 
Now if we take a look at original `emitX86Lea()`
then strange part is that generated `LLIntAssembly.h` both on Linux & Windows:

Linux:
`".loc 1 2024\n"       "movq " LOCAL_REFERENCE(g_config) "@GOTPCREL(%rip), %rcx \n" // LowLevelInterpreter.asm:2024`

Windows:
`".loc 1 2021\n"       "movq " LOCAL_REFERENCE(g_jscConfig) "@GOTPCREL(%rip), %r9 \n" // LowLevelInterpreter.asm:2021`

in both cases i see that `emitX86Lea()` emits "movq" on both OSes...
but after compilation and during runtime Linux uses `lea` ... where else could it be replaced?
as i understand  `LLIntAssembly.h` is used for compiling actual binary?

**Comment by annulen** [comment]
>as i understand LLIntAssembly.h is used for compiling actual binary?

Likely so, but you can always inspect outputs preprocessing (`gcc -E`) or compilation (`gcc -S`) stages. The former shows what files are being included, the latter which instructions are actually fed into assembler.

>but after compilation and during runtime Linux uses lea ... where else could it be replaced?

I guess it's replaced by assembler itself.
Note that operand sizes may differ here, and platform ABIs are substantially different between Linux and Windows, so it may very well be correct to use different instructions for them.

**Comment by quarcko** [comment]
I joined slack group and will try to get answers there, if any.

but thinking logically, the whole purpose of this code is to get adress where config is located.
on linux it is located and its *address* is copied to $rcx using LEA:
`lea    0x99ae2d(%rip),%rcx        # 0x555557359000 <g_config>`
so $rcx now stores address of config.

but on windows:
`mov    0x6e5105(%rip),%r9        # 0x140c59820 <g_jscConfig@GOTPCREL>`
MOV - instead of copying *address* of config it copies *value that is located at that address*
so MOV goes to memory adress 0x140c59820 finds there value and stores it in R9
and later tries to use that value *AS AN ADRESS* later
but value 262 - is obviously a wrong memory adress - SIGSEGV...

**Comment by quarcko** [comment]
okay, so folks at slack were not very helpful, but still managed to fix this up!

so i used the fact that on linux is LEA (mysteriously fixed by linker)
and the fact that "@GOTPCREL(%rip)" doesn't belong to Windows PE executables anyway
i ended up modifying x86.rb "emitX86Lea" to check for windows platform like so:

```
if !isIntelSyntax
     if isWin
         $asm.puts "leaq #{src.asmLabel}(%rip), #{dst.x86Operand(:ptr)}"
     else
          $asm.puts "movq #{src.asmLabel}@GOTPCREL(%rip), #{dst.x86Operand(:ptr)}"
     end
else
```

and jsc.exe is operational !! build with MINGW succeeded ! :)

**Comment by annulen** [comment]
В Wed, 21 Feb 2024 07:27:49 -0800
quarcko ***@***.***> пишет:

> okay, so folks at slack were not very helpful, but still managed to
> fix this up!
> 
> so i used the fact that on linux is LEA (mysteriously fixed by linker)
> and the fact that ***@***.***(%rip)" doesn't belong to Windows PE
> executables anyway i ended up modifying x86.rb "emitX86Lea" to check
> for windows platform like so:
> 
> ```
> if !isIntelSyntax
>      if isWin
>          $asm.puts "leaq #{src.asmLabel}(%rip),
> #{dst.x86Operand(:ptr)}" else
>           $asm.puts "movq ***@***.***(%rip),
> #{dst.x86Operand(:ptr)}" end
> else
> ```
> 
> and jsc.exe is operational !! build with MINGW succeeded ! :)
> 

Great! Now you can make a pull request to https://github.com/webkit/webkit so
that everyone can use it (e.g. as a part of JSCOnly port on Windows,
though the latter might require upstreaming more MinGW hacks to be
fully functional)

**Comment by aquiles2k** [comment]
Wow, gratulations, thats quite an achievment with all the asm debugging you did! I hope i can reproduce your success with my mxe build.

@quarcko btw, did you actually enable JIT or CLOOP? Or is it done with nothing at all? Can you load a website with javascript in it?

**Comment by quarcko** [comment]
@annulen 

I pushed all the fixes i collected so far for MINGW compilation of QtWebkit in my fork.
(qt6-gha branch)
If you find it useful, or plan to upstream them - please don't hesitate.

I really don't have time up-streaming them, other jobs are waiting to be done.
and also there are few issues still need to be solved in QtWebkit

**Comment by fujii** [comment]
Hi @quarcko @annulen ,
Windows WebKit is now planning to drop MSVC support and use `sysv_abi` attribute of clang-cl for JIT.
GCC (MinGW) also supports the `sysv_abi` attribute. If you are interested in it, join to work together with them.

[webkit-dev] Proposal: Dropping MSVC support and use clang-cl exclusively on Windows
https://lists.webkit.org/pipermail/webkit-dev/2024-April/032638.html
Bug 273556 – [Win] Use SystemV ABI for JIT entrypoints in YarrJIT on Windows
https://bugs.webkit.org/show_bug.cgi?id=273556
